C51 COMPILER V9.54   LANYA                                                                 08/05/2019 19:00:50 PAGE 1   


C51 COMPILER V9.54, COMPILATION OF MODULE LANYA
OBJECT MODULE PLACED IN lanya.OBJ
COMPILER INVOKED BY: C:\MDK\C51\BIN\C51.EXE lanya.c LARGE OPTIMIZE(8,SPEED) BROWSE DEBUG OBJECTEXTEND

line level    source

   1          # include "lanya.h"
   2          
   3          void Usartinit()           //ʼ
   4          {
   5   1              TMOD=0x21;               //öʱ1Ĺʽ2   0010 0000  GATE C/T    8λֵԶװ8λʱ
   6   1              PCON=0x80;         //ʼӱ     ԴĴ 
   7   1        TH1=0xf3;                //ʱװֵ
   8   1              TL1=0xf3;      //Ĳʱӱ  ӱĻ ͨѶɹ Ŀǰ֪ԭ
   9   1                       //ڿʹõľƵ12MǱ׼Ƶʣòʱײ´ͨ
             -ʧ
  10   1                       //Ŀǰ˵ѡ4800SMOD=1ʼӱķʽʽΪ0.16%Ϊ12MС
             -
  11   1              TH0=0XEC;      //5msʱ    
  12   1              TL0=0X78;   
  13   1              TR0=1;  
  14   1              ET0=1; 
  15   1        TR1=1;              //ʱ1
  16   1        SM0=0;              //ѡ񴮿ڹʽ1
  17   1              SM1=1;   
  18   1        REN=1;              //ڽ   ʱһѡĲ16ʲRXDƽĵƽ ʼϢ
  19   1        ES=1;         //жܿ
  20   1              EA=1;           //ж
  21   1      }       
  22          
  23          
  24          
  25          
  26          


MODULE INFORMATION:   STATIC OVERLAYABLE
   CODE SIZE        =     35    ----
   CONSTANT SIZE    =   ----    ----
   XDATA SIZE       =   ----    ----
   PDATA SIZE       =   ----    ----
   DATA SIZE        =   ----    ----
   IDATA SIZE       =   ----    ----
   BIT SIZE         =   ----    ----
END OF MODULE INFORMATION.


C51 COMPILATION COMPLETE.  0 WARNING(S),  0 ERROR(S)
